<?xml version="1.0" encoding="UTF-8"?>
<!-- Generated by org.testng.reporters.JUnitReportReporter -->
<testsuite hostname="LTILHYD24000678" failures="0" tests="1" name="com.freecrm.genriclib.f" time="1.632" errors="0" timestamp="2022-03-31T11:08:05 IST" skipped="0">
  <testcase classname="com.freecrm.genriclib.f" name="getcelldata" time="1.632"/>
  <system-out/>
</testsuite> <!-- com.freecrm.genriclib.f -->
