<?xml version="1.0" encoding="UTF-8"?>
<!-- Generated by org.testng.reporters.JUnitReportReporter -->
<testsuite hostname="LTILHYD24000678" failures="0" tests="2" name="com.freecrm.testCases.loginTestCase_02" time="11.436" errors="0" timestamp="2022-04-18T10:02:41 IST" skipped="0">
  <testcase classname="com.freecrm.testCases.loginTestCase_02" name="verificationOfTitle" time="5.569"/>
  <system-out/>
  <testcase classname="com.freecrm.testCases.loginTestCase_02" name="logintest" time="5.867"/>
  <system-out/>
</testsuite> <!-- com.freecrm.testCases.loginTestCase_02 -->
