<?xml version="1.0" encoding="UTF-8"?>
<!-- Generated by org.testng.reporters.JUnitReportReporter -->
<testsuite hostname="LTILHYD24000678" failures="0" tests="4" name="com.freecrm.testCases.invalidLogin" time="52.315" errors="0" timestamp="2022-04-06T10:55:00 IST" skipped="0">
  <testcase classname="com.freecrm.testCases.invalidLogin" name="invalidLoginTest" time="7.516"/>
  <system-out/>
  <testcase classname="com.freecrm.testCases.invalidLogin" name="invalidLoginTest" time="10.189"/>
  <system-out/>
  <testcase classname="com.freecrm.testCases.invalidLogin" name="invalidLoginTest" time="9.044"/>
  <system-out/>
  <testcase classname="com.freecrm.testCases.invalidLogin" name="invalidLoginTest" time="25.566"/>
  <system-out/>
</testsuite> <!-- com.freecrm.testCases.invalidLogin -->
