<?xml version="1.0" encoding="UTF-8"?>
<!-- Generated by org.testng.reporters.JUnitReportReporter -->
<testsuite hostname="LTILHYD24000678" failures="0" tests="4" name="com.freecrm.testCases.homepageTc_05" time="51.178" errors="0" timestamp="2022-04-11T12:46:59 IST" skipped="0">
  <testcase classname="com.freecrm.testCases.homepageTc_05" name="verifyPageTitle" time="11.248"/>
  <system-out/>
  <testcase classname="com.freecrm.testCases.homepageTc_05" name="usernameVerification" time="12.396"/>
  <system-out/>
  <testcase classname="com.freecrm.testCases.homepageTc_05" name="logoVerification" time="11.580"/>
  <system-out/>
  <testcase classname="com.freecrm.testCases.homepageTc_05" name="homePageTest" time="15.954"/>
  <system-out/>
</testsuite> <!-- com.freecrm.testCases.homepageTc_05 -->
