<?xml version="1.0" encoding="UTF-8"?>
<!-- Generated by org.testng.reporters.JUnitReportReporter -->
<testsuite hostname="LTILHYD24000678" failures="0" tests="1" name="com.freecrm.genriclib.filelib" time="0.593" errors="0" timestamp="2022-04-06T00:59:05 IST" skipped="0">
  <testcase classname="com.freecrm.genriclib.filelib" name="getTestdata" time="0.593"/>
  <system-out/>
</testsuite> <!-- com.freecrm.genriclib.filelib -->
