<?xml version="1.0" encoding="UTF-8"?>
<!-- Generated by org.testng.reporters.JUnitReportReporter -->
<testsuite hostname="LTILHYD24000678" failures="0" tests="1" name="practice.calander" time="0.083" errors="0" timestamp="2022-03-21T23:15:05 IST" skipped="0">
  <testcase classname="practice.calander" name="cal" time="0.083"/>
  <system-out/>
</testsuite> <!-- practice.calander -->
