<?xml version="1.0" encoding="UTF-8"?>
<!-- Generated by org.testng.reporters.JUnitReportReporter -->
<testsuite hostname="LTILHYD24000678" failures="0" tests="1" name="com.freecrm.testCases.signUpPageTestCase_01" time="17.498" errors="0" timestamp="2022-04-18T10:01:12 IST" skipped="0">
  <testcase classname="com.freecrm.testCases.signUpPageTestCase_01" name="signUp" time="17.498"/>
  <system-out/>
</testsuite> <!-- com.freecrm.testCases.signUpPageTestCase_01 -->
