<?xml version="1.0" encoding="UTF-8"?>
<!-- Generated by org.testng.reporters.JUnitReportReporter -->
<testsuite hostname="LTILHYD24000678" failures="0" tests="100" name="practice.invocation" time="0.045" errors="0" timestamp="2022-04-04T10:32:14 IST" skipped="0">
  <testcase classname="practice.invocation" name="m" time="0.001"/>
  <system-out/>
  <testcase classname="practice.invocation" name="m" time="0.000"/>
  <system-out/>
  <testcase classname="practice.invocation" name="m" time="0.001"/>
  <system-out/>
  <testcase classname="practice.invocation" name="m" time="0.001"/>
  <system-out/>
  <testcase classname="practice.invocation" name="m" time="0.004"/>
  <system-out/>
  <testcase classname="practice.invocation" name="m" time="0.001"/>
  <system-out/>
  <testcase classname="practice.invocation" name="m" time="0.000"/>
  <system-out/>
  <testcase classname="practice.invocation" name="m" time="0.000"/>
  <system-out/>
  <testcase classname="practice.invocation" name="m" time="0.000"/>
  <system-out/>
  <testcase classname="practice.invocation" name="m" time="0.000"/>
  <system-out/>
  <testcase classname="practice.invocation" name="m" time="0.001"/>
  <system-out/>
  <testcase classname="practice.invocation" name="m" time="0.000"/>
  <system-out/>
  <testcase classname="practice.invocation" name="m" time="0.001"/>
  <system-out/>
  <testcase classname="practice.invocation" name="m" time="0.000"/>
  <system-out/>
  <testcase classname="practice.invocation" name="m" time="0.001"/>
  <system-out/>
  <testcase classname="practice.invocation" name="m" time="0.000"/>
  <system-out/>
  <testcase classname="practice.invocation" name="m" time="0.001"/>
  <system-out/>
  <testcase classname="practice.invocation" name="m" time="0.000"/>
  <system-out/>
  <testcase classname="practice.invocation" name="m" time="0.001"/>
  <system-out/>
  <testcase classname="practice.invocation" name="m" time="0.001"/>
  <system-out/>
  <testcase classname="practice.invocation" name="m" time="0.000"/>
  <system-out/>
  <testcase classname="practice.invocation" name="m" time="0.000"/>
  <system-out/>
  <testcase classname="practice.invocation" name="m" time="0.000"/>
  <system-out/>
  <testcase classname="practice.invocation" name="m" time="0.000"/>
  <system-out/>
  <testcase classname="practice.invocation" name="m" time="0.000"/>
  <system-out/>
  <testcase classname="practice.invocation" name="m" time="0.000"/>
  <system-out/>
  <testcase classname="practice.invocation" name="m" time="0.000"/>
  <system-out/>
  <testcase classname="practice.invocation" name="m" time="0.001"/>
  <system-out/>
  <testcase classname="practice.invocation" name="m" time="0.000"/>
  <system-out/>
  <testcase classname="practice.invocation" name="m" time="0.000"/>
  <system-out/>
  <testcase classname="practice.invocation" name="m" time="0.001"/>
  <system-out/>
  <testcase classname="practice.invocation" name="m" time="0.001"/>
  <system-out/>
  <testcase classname="practice.invocation" name="m" time="0.000"/>
  <system-out/>
  <testcase classname="practice.invocation" name="m" time="0.000"/>
  <system-out/>
  <testcase classname="practice.invocation" name="m" time="0.000"/>
  <system-out/>
  <testcase classname="practice.invocation" name="m" time="0.000"/>
  <system-out/>
  <testcase classname="practice.invocation" name="m" time="0.001"/>
  <system-out/>
  <testcase classname="practice.invocation" name="m" time="0.000"/>
  <system-out/>
  <testcase classname="practice.invocation" name="m" time="0.001"/>
  <system-out/>
  <testcase classname="practice.invocation" name="m" time="0.001"/>
  <system-out/>
  <testcase classname="practice.invocation" name="m" time="0.000"/>
  <system-out/>
  <testcase classname="practice.invocation" name="m" time="0.000"/>
  <system-out/>
  <testcase classname="practice.invocation" name="m" time="0.000"/>
  <system-out/>
  <testcase classname="practice.invocation" name="m" time="0.001"/>
  <system-out/>
  <testcase classname="practice.invocation" name="m" time="0.001"/>
  <system-out/>
  <testcase classname="practice.invocation" name="m" time="0.000"/>
  <system-out/>
  <testcase classname="practice.invocation" name="m" time="0.000"/>
  <system-out/>
  <testcase classname="practice.invocation" name="m" time="0.001"/>
  <system-out/>
  <testcase classname="practice.invocation" name="m" time="0.000"/>
  <system-out/>
  <testcase classname="practice.invocation" name="m" time="0.000"/>
  <system-out/>
  <testcase classname="practice.invocation" name="m" time="0.000"/>
  <system-out/>
  <testcase classname="practice.invocation" name="m" time="0.001"/>
  <system-out/>
  <testcase classname="practice.invocation" name="m" time="0.000"/>
  <system-out/>
  <testcase classname="practice.invocation" name="m" time="0.000"/>
  <system-out/>
  <testcase classname="practice.invocation" name="m" time="0.000"/>
  <system-out/>
  <testcase classname="practice.invocation" name="m" time="0.000"/>
  <system-out/>
  <testcase classname="practice.invocation" name="m" time="0.001"/>
  <system-out/>
  <testcase classname="practice.invocation" name="m" time="0.000"/>
  <system-out/>
  <testcase classname="practice.invocation" name="m" time="0.000"/>
  <system-out/>
  <testcase classname="practice.invocation" name="m" time="0.001"/>
  <system-out/>
  <testcase classname="practice.invocation" name="m" time="0.000"/>
  <system-out/>
  <testcase classname="practice.invocation" name="m" time="0.002"/>
  <system-out/>
  <testcase classname="practice.invocation" name="m" time="0.000"/>
  <system-out/>
  <testcase classname="practice.invocation" name="m" time="0.000"/>
  <system-out/>
  <testcase classname="practice.invocation" name="m" time="0.001"/>
  <system-out/>
  <testcase classname="practice.invocation" name="m" time="0.000"/>
  <system-out/>
  <testcase classname="practice.invocation" name="m" time="0.000"/>
  <system-out/>
  <testcase classname="practice.invocation" name="m" time="0.000"/>
  <system-out/>
  <testcase classname="practice.invocation" name="m" time="0.000"/>
  <system-out/>
  <testcase classname="practice.invocation" name="m" time="0.000"/>
  <system-out/>
  <testcase classname="practice.invocation" name="m" time="0.004"/>
  <system-out/>
  <testcase classname="practice.invocation" name="m" time="0.000"/>
  <system-out/>
  <testcase classname="practice.invocation" name="m" time="0.000"/>
  <system-out/>
  <testcase classname="practice.invocation" name="m" time="0.000"/>
  <system-out/>
  <testcase classname="practice.invocation" name="m" time="0.001"/>
  <system-out/>
  <testcase classname="practice.invocation" name="m" time="0.001"/>
  <system-out/>
  <testcase classname="practice.invocation" name="m" time="0.001"/>
  <system-out/>
  <testcase classname="practice.invocation" name="m" time="0.001"/>
  <system-out/>
  <testcase classname="practice.invocation" name="m" time="0.000"/>
  <system-out/>
  <testcase classname="practice.invocation" name="m" time="0.002"/>
  <system-out/>
  <testcase classname="practice.invocation" name="m" time="0.000"/>
  <system-out/>
  <testcase classname="practice.invocation" name="m" time="0.000"/>
  <system-out/>
  <testcase classname="practice.invocation" name="m" time="0.001"/>
  <system-out/>
  <testcase classname="practice.invocation" name="m" time="0.000"/>
  <system-out/>
  <testcase classname="practice.invocation" name="m" time="0.000"/>
  <system-out/>
  <testcase classname="practice.invocation" name="m" time="0.001"/>
  <system-out/>
  <testcase classname="practice.invocation" name="m" time="0.000"/>
  <system-out/>
  <testcase classname="practice.invocation" name="m" time="0.000"/>
  <system-out/>
  <testcase classname="practice.invocation" name="m" time="0.002"/>
  <system-out/>
  <testcase classname="practice.invocation" name="m" time="0.000"/>
  <system-out/>
  <testcase classname="practice.invocation" name="m" time="0.000"/>
  <system-out/>
  <testcase classname="practice.invocation" name="m" time="0.000"/>
  <system-out/>
  <testcase classname="practice.invocation" name="m" time="0.001"/>
  <system-out/>
  <testcase classname="practice.invocation" name="m" time="0.000"/>
  <system-out/>
  <testcase classname="practice.invocation" name="m" time="0.000"/>
  <system-out/>
  <testcase classname="practice.invocation" name="m" time="0.000"/>
  <system-out/>
  <testcase classname="practice.invocation" name="m" time="0.001"/>
  <system-out/>
  <testcase classname="practice.invocation" name="m" time="0.000"/>
  <system-out/>
  <testcase classname="practice.invocation" name="m" time="0.000"/>
  <system-out/>
  <testcase classname="practice.invocation" name="m" time="0.000"/>
  <system-out/>
</testsuite> <!-- practice.invocation -->
