<?xml version="1.0" encoding="UTF-8"?>
<!-- Generated by org.testng.reporters.JUnitReportReporter -->
<testsuite hostname="LTILHYD24000678" failures="0" tests="2" name="com.freecrm.testCases.CompaniesPage_TC_06" time="20.897" errors="0" timestamp="2022-04-12T00:36:55 IST" skipped="0">
  <testcase classname="com.freecrm.testCases.CompaniesPage_TC_06" name="pageNameVerification" time="9.730"/>
  <system-out/>
  <testcase classname="com.freecrm.testCases.CompaniesPage_TC_06" name="newCreateCompaniesButton" time="11.167"/>
  <system-out/>
</testsuite> <!-- com.freecrm.testCases.CompaniesPage_TC_06 -->
