<?xml version="1.0" encoding="UTF-8"?>
<!-- Generated by org.testng.reporters.JUnitReportReporter -->
<testsuite hostname="LTILHYD24000678" failures="0" tests="1" name="com.freecrm.testCases.contactsPage_TestCase_03" time="12.374" errors="0" timestamp="2022-04-11T12:30:26 IST" skipped="0">
  <testcase classname="com.freecrm.testCases.contactsPage_TestCase_03" name="contacts" time="12.374"/>
  <system-out/>
</testsuite> <!-- com.freecrm.testCases.contactsPage_TestCase_03 -->
