<?xml version="1.0" encoding="UTF-8"?>
<!-- Generated by org.testng.reporters.JUnitReportReporter -->
<testsuite hostname="LTILHYD24000678" failures="0" tests="1" name="com.freecrm.reports.reports3" time="1.087" errors="0" timestamp="2022-04-07T12:44:23 IST" skipped="0">
  <testcase classname="com.freecrm.reports.reports3" name="runreporter2" time="1.087"/>
  <system-out/>
</testsuite> <!-- com.freecrm.reports.reports3 -->
