<?xml version="1.0" encoding="UTF-8"?>
<!-- Generated by org.testng.reporters.JUnitReportReporter -->
<testsuite hostname="LTILHYD24000678" failures="0" tests="2" name="com.freecrm.testCases.loginTestCase_02" time="12.236" errors="0" timestamp="2022-04-16T15:08:45 IST" skipped="0">
  <testcase classname="com.freecrm.testCases.loginTestCase_02" name="verificationOfTitle" time="5.605"/>
  <system-out/>
  <testcase classname="com.freecrm.testCases.loginTestCase_02" name="logintest" time="6.631"/>
  <system-out/>
</testsuite> <!-- com.freecrm.testCases.loginTestCase_02 -->
