<?xml version="1.0" encoding="UTF-8"?>
<!-- Generated by org.testng.reporters.JUnitReportReporter -->
<testsuite hostname="LTILHYD24000678" failures="0" tests="3" name="com.freecrm.testCases.newContactPage_TC_04" time="67.544" errors="0" timestamp="2022-04-16T15:08:45 IST" skipped="0">
  <testcase classname="com.freecrm.testCases.newContactPage_TC_04" name="createNewContact" time="22.632"/>
  <system-out/>
  <testcase classname="com.freecrm.testCases.newContactPage_TC_04" name="createNewContact" time="23.123"/>
  <system-out/>
  <testcase classname="com.freecrm.testCases.newContactPage_TC_04" name="createNewContact" time="21.789"/>
  <system-out/>
</testsuite> <!-- com.freecrm.testCases.newContactPage_TC_04 -->
