<?xml version="1.0" encoding="UTF-8"?>
<!-- Generated by org.testng.reporters.JUnitReportReporter -->
<testsuite hostname="LTILHYD24000678" failures="0" tests="4" name="com.freecrm.testCases.homepageTc_05" time="36.978" errors="0" timestamp="2022-04-16T15:08:45 IST" skipped="0">
  <testcase classname="com.freecrm.testCases.homepageTc_05" name="verifyPageTitle" time="7.776"/>
  <system-out/>
  <testcase classname="com.freecrm.testCases.homepageTc_05" name="usernameVerification" time="8.978"/>
  <system-out/>
  <testcase classname="com.freecrm.testCases.homepageTc_05" name="logoVerification" time="9.027"/>
  <system-out/>
  <testcase classname="com.freecrm.testCases.homepageTc_05" name="homePageTest" time="11.197"/>
  <system-out/>
</testsuite> <!-- com.freecrm.testCases.homepageTc_05 -->
